<?xml version="1.0" encoding="UTF-8"?>
<testsuite name="gr.aueb.cf.restbankapp.RestBankAppApplicationTests" tests="1" skipped="0" failures="0" errors="0" timestamp="2026-03-31T09:48:06.384Z" hostname="LAPTOP-UTD4P65M" time="0.72">
  <properties/>
  <testcase name="contextLoads()" classname="gr.aueb.cf.restbankapp.RestBankAppApplicationTests" time="0.72"/>
  <system-out><![CDATA[12:47:55.601 [Test worker] INFO org.springframework.test.context.support.AnnotationConfigContextLoaderUtils -- Could not detect default configuration classes for test class [gr.aueb.cf.restbankapp.RestBankAppApplicationTests]: RestBankAppApplicationTests does not declare any static, non-private, non-final, nested classes annotated with @Configuration.
12:47:55.810 [Test worker] INFO org.springframework.boot.test.context.SpringBootTestContextBootstrapper -- Found @SpringBootConfiguration gr.aueb.cf.restbankapp.RestBankAppApplication for test class gr.aueb.cf.restbankapp.RestBankAppApplicationTests

  .   ____          _            __ _ _
 /\\ / ___'_ __ _ _(_)_ __  __ _ \ \ \ \
( ( )\___ | '_ | '_| | '_ \/ _` | \ \ \ \
 \\/  ___)| |_)| | | | | || (_| |  ) ) ) )
  '  |____| .__|_| |_|_| |_\__, | / / / /
 =========|_|==============|___/=/_/_/_/

 :: Spring Boot ::               (v3.5.11)

?[34m[INFO ]?[0;39m ?[36m12:47:56.843?[0;39m o.h.validator.internal.util.Version - HV000001: Hibernate Validator 8.0.3.Final
?[34m[INFO ]?[0;39m ?[36m12:47:56.936?[0;39m g.a.c.r.RestBankAppApplicationTests - Starting RestBankAppApplicationTests using Java 21.0.8 with PID 9680 (started by kosta in C:\Users\kosta\IdeaProjects\restBankApp)
?[34m[INFO ]?[0;39m ?[36m12:47:56.939?[0;39m g.a.c.r.RestBankAppApplicationTests - The following 1 profile is active: "dev"
?[34m[INFO ]?[0;39m ?[36m12:47:58.641?[0;39m o.s.d.r.c.RepositoryConfigurationDelegate - Bootstrapping Spring Data JPA repositories in DEFAULT mode.
?[34m[INFO ]?[0;39m ?[36m12:47:58.770?[0;39m o.s.d.r.c.RepositoryConfigurationDelegate - Finished Spring Data repository scanning in 108 ms. Found 8 JPA repository interfaces.
?[34m[INFO ]?[0;39m ?[36m12:48:00.727?[0;39m org.flywaydb.core.FlywayExecutor - Database: jdbc:mysql://localhost:3306/bankapp?useSSL=true&serverTimezone=UTC (MySQL 8.0)
?[34m[INFO ]?[0;39m ?[36m12:48:01.533?[0;39m o.f.core.internal.command.DbValidate - Successfully validated 4 migrations (execution time 00:00.076s)
?[34m[INFO ]?[0;39m ?[36m12:48:01.558?[0;39m o.f.core.internal.command.DbMigrate - Current version of schema `bankapp`: 4
?[34m[INFO ]?[0;39m ?[36m12:48:01.567?[0;39m o.f.core.internal.command.DbMigrate - Schema `bankapp` is up to date. No migration necessary.
?[34m[INFO ]?[0;39m ?[36m12:48:01.879?[0;39m org.hibernate.Version - HHH000412: Hibernate ORM core version 6.6.42.Final
?[34m[INFO ]?[0;39m ?[36m12:48:01.940?[0;39m o.h.c.i.RegionFactoryInitiator - HHH000026: Second-level cache disabled
?[34m[INFO ]?[0;39m ?[36m12:48:02.332?[0;39m o.s.o.j.p.SpringPersistenceUnitInfo - No LoadTimeWeaver setup: ignoring JPA class transformer
?[34m[INFO ]?[0;39m ?[36m12:48:02.448?[0;39m o.hibernate.orm.connections.pooling - HHH10001005: Database info:
	Database JDBC URL [Connecting through datasource 'HikariDataSource (HikariPool-1)']
	Database driver: undefined/unknown
	Database version: 8.0.44
	Autocommit mode: undefined/unknown
	Isolation level: undefined/unknown
	Minimum pool size: undefined/unknown
	Maximum pool size: undefined/unknown
?[34m[INFO ]?[0;39m ?[36m12:48:03.982?[0;39m o.h.e.t.j.p.i.JtaPlatformInitiator - HHH000489: No JTA platform available (set 'hibernate.transaction.jta.platform' to enable JTA platform integration)
?[34m[INFO ]?[0;39m ?[36m12:48:04.058?[0;39m o.s.o.j.LocalContainerEntityManagerFactoryBean - Initialized JPA EntityManagerFactory for persistence unit 'default'
?[31m[WARN ]?[0;39m ?[36m12:48:04.814?[0;39m o.s.aop.framework.CglibAopProxy - Unable to proxy interface-implementing method [public final synchronized gr.aueb.cf.restbankapp.dto.AccountReadOnlyDTO gr.aueb.cf.restbankapp.service.AccountServiceImpl.deposit(gr.aueb.cf.restbankapp.dto.AccountDepositDTO) throws gr.aueb.cf.restbankapp.core.exceptions.EntityNotFoundException,gr.aueb.cf.restbankapp.core.exceptions.NegativeAmountException] because it is marked as final, consider using interface-based JDK proxies instead.
?[31m[WARN ]?[0;39m ?[36m12:48:04.814?[0;39m o.s.aop.framework.CglibAopProxy - Unable to proxy interface-implementing method [public final synchronized java.math.BigDecimal gr.aueb.cf.restbankapp.service.AccountServiceImpl.getBalance(java.lang.String) throws gr.aueb.cf.restbankapp.core.exceptions.EntityNotFoundException] because it is marked as final, consider using interface-based JDK proxies instead.
?[31m[WARN ]?[0;39m ?[36m12:48:04.814?[0;39m o.s.aop.framework.CglibAopProxy - Unable to proxy interface-implementing method [public final synchronized gr.aueb.cf.restbankapp.dto.AccountReadOnlyDTO gr.aueb.cf.restbankapp.service.AccountServiceImpl.withdraw(gr.aueb.cf.restbankapp.dto.AccountWithdrawDTO) throws gr.aueb.cf.restbankapp.core.exceptions.EntityNotFoundException,gr.aueb.cf.restbankapp.core.exceptions.NegativeAmountException,gr.aueb.cf.restbankapp.core.exceptions.InsufficientBalanceException] because it is marked as final, consider using interface-based JDK proxies instead.
?[31m[WARN ]?[0;39m ?[36m12:48:04.814?[0;39m o.s.aop.framework.CglibAopProxy - Unable to proxy interface-implementing method [public final synchronized gr.aueb.cf.restbankapp.dto.AccountReadOnlyDTO gr.aueb.cf.restbankapp.service.AccountServiceImpl.closeAccount(java.lang.String) throws gr.aueb.cf.restbankapp.core.exceptions.EntityNotFoundException] because it is marked as final, consider using interface-based JDK proxies instead.
?[34m[INFO ]?[0;39m ?[36m12:48:04.977?[0;39m o.s.s.c.a.a.c.InitializeAuthenticationProviderBeanManagerConfigurer$InitializeAuthenticationProviderManagerConfigurer - Global AuthenticationManager configured with AuthenticationProvider bean with name authenticationProvider
?[31m[WARN ]?[0;39m ?[36m12:48:04.978?[0;39m o.s.s.c.a.a.c.InitializeUserDetailsBeanManagerConfigurer$InitializeUserDetailsManagerConfigurer - Global AuthenticationManager configured with an AuthenticationProvider bean. UserDetailsService beans will not be used by Spring Security for automatically configuring username/password login. Consider removing the AuthenticationProvider bean. Alternatively, consider using the UserDetailsService in a manually instantiated DaoAuthenticationProvider. If the current configuration is intentional, to turn off this warning, increase the logging level of 'org.springframework.security.config.annotation.authentication.configuration.InitializeUserDetailsBeanManagerConfigurer' to ERROR
?[34m[INFO ]?[0;39m ?[36m12:48:05.068?[0;39m o.s.d.j.r.query.QueryEnhancerFactory - Hibernate is in classpath; If applicable, HQL parser will be used.
?[34m[INFO ]?[0;39m ?[36m12:48:06.362?[0;39m g.a.c.r.RestBankAppApplicationTests - Started RestBankAppApplicationTests in 10.264 seconds (process running for 12.638)
]]></system-out>
  <system-err><![CDATA[Mockito is currently self-attaching to enable the inline-mock-maker. This will no longer work in future releases of the JDK. Please add Mockito as an agent to your build as described in Mockito's documentation: https://javadoc.io/doc/org.mockito/mockito-core/latest/org.mockito/org/mockito/Mockito.html#0.3
WARNING: A Java agent has been loaded dynamically (C:\Users\kosta\.gradle\caches\modules-2\files-2.1\net.bytebuddy\byte-buddy-agent\1.17.8\f09415827a71be7ed621c7bd02550678f28bc81c\byte-buddy-agent-1.17.8.jar)
WARNING: If a serviceability tool is in use, please run with -XX:+EnableDynamicAgentLoading to hide this warning
WARNING: If a serviceability tool is not in use, please run with -Djdk.instrument.traceUsage for more information
WARNING: Dynamic loading of agents will be disallowed by default in a future release
]]></system-err>
</testsuite>
