<?xml version="1.0" encoding="UTF-8"?>
<testsuite name="gr.aueb.cf.restbankapp.api.AccountControllerTest" tests="3" skipped="0" failures="0" errors="0" timestamp="2026-03-31T09:48:09.248Z" hostname="LAPTOP-UTD4P65M" time="0.394">
  <properties/>
  <testcase name="deposit_shouldReturn403_whenNoAuthority()" classname="gr.aueb.cf.restbankapp.api.AccountControllerTest" time="0.308"/>
  <testcase name="deposit_shouldReturn201()" classname="gr.aueb.cf.restbankapp.api.AccountControllerTest" time="0.047"/>
  <testcase name="deposit_shouldWork_withProperAuthority()" classname="gr.aueb.cf.restbankapp.api.AccountControllerTest" time="0.03"/>
  <system-out><![CDATA[?[34m[INFO ]?[0;39m ?[36m12:48:07.200?[0;39m o.s.b.t.c.SpringBootTestContextBootstrapper - Found @SpringBootConfiguration gr.aueb.cf.restbankapp.RestBankAppApplication for test class gr.aueb.cf.restbankapp.api.AccountControllerTest

  .   ____          _            __ _ _
 /\\ / ___'_ __ _ _(_)_ __  __ _ \ \ \ \
( ( )\___ | '_ | '_| | '_ \/ _` | \ \ \ \
 \\/  ___)| |_)| | | | | || (_| |  ) ) ) )
  '  |____| .__|_| |_|_| |_\__, | / / / /
 =========|_|==============|___/=/_/_/_/

 :: Spring Boot ::               (v3.5.11)

?[34m[INFO ]?[0;39m ?[36m12:48:07.276?[0;39m g.a.c.r.api.AccountControllerTest - Starting AccountControllerTest using Java 21.0.8 with PID 9680 (started by kosta in C:\Users\kosta\IdeaProjects\restBankApp)
?[34m[INFO ]?[0;39m ?[36m12:48:07.276?[0;39m g.a.c.r.api.AccountControllerTest - The following 1 profile is active: "dev"
?[31m[WARN ]?[0;39m ?[36m12:48:08.887?[0;39m o.s.b.a.s.s.UserDetailsServiceAutoConfiguration - 

Using generated security password: 7a15752c-cab5-41dd-9129-282743a4f2c5

This generated password is for development use only. Your security configuration must be updated before running your application in production.

?[34m[INFO ]?[0;39m ?[36m12:48:08.897?[0;39m o.s.s.c.a.a.c.InitializeUserDetailsBeanManagerConfigurer$InitializeUserDetailsManagerConfigurer - Global AuthenticationManager configured with UserDetailsService bean with name inMemoryUserDetailsManager
?[34m[INFO ]?[0;39m ?[36m12:48:09.192?[0;39m o.s.b.t.m.w.SpringBootMockServletContext - Initializing Spring TestDispatcherServlet ''
?[34m[INFO ]?[0;39m ?[36m12:48:09.192?[0;39m o.s.t.w.s.TestDispatcherServlet - Initializing Servlet ''
?[34m[INFO ]?[0;39m ?[36m12:48:09.194?[0;39m o.s.t.w.s.TestDispatcherServlet - Completed initialization in 1 ms
?[34m[INFO ]?[0;39m ?[36m12:48:09.228?[0;39m g.a.c.r.api.AccountControllerTest - Started AccountControllerTest in 2.019 seconds (process running for 15.504)
?[31m[WARN ]?[0;39m ?[36m12:48:09.512?[0;39m g.a.cf.restbankapp.core.ErrorHandler - Access denied. Message=Access Denied
]]></system-out>
  <system-err><![CDATA[]]></system-err>
</testsuite>
