<?xml version="1.0" encoding="UTF-8"?>
<testsuite name="gr.aueb.cf.restbankapp.core.factory.AccountFactoryTest" tests="2" skipped="0" failures="0" errors="0" timestamp="2026-03-31T20:35:14.120Z" hostname="LAPTOP-UTD4P65M" time="0.008">
  <properties/>
  <testcase name="createSavingsAccount_shouldReturnSavingsAccount()" classname="gr.aueb.cf.restbankapp.core.factory.AccountFactoryTest" time="0.006"/>
  <testcase name="createCheckingAccount_shouldReturnCheckingAccount()" classname="gr.aueb.cf.restbankapp.core.factory.AccountFactoryTest" time="0.001"/>
  <system-out><![CDATA[]]></system-out>
  <system-err><![CDATA[]]></system-err>
</testsuite>
