<?xml version="1.0" encoding="UTF-8"?>
<testsuite name="gr.aueb.cf.restbankapp.service.AccountServiceImplTest" tests="4" skipped="0" failures="0" errors="0" timestamp="2026-03-31T09:48:09.689Z" hostname="LAPTOP-UTD4P65M" time="0.317">
  <properties/>
  <testcase name="getBalance_shouldReturnCorrectAmount()" classname="gr.aueb.cf.restbankapp.service.AccountServiceImplTest" time="0.29"/>
  <testcase name="deposit_shouldIncreaseBalance()" classname="gr.aueb.cf.restbankapp.service.AccountServiceImplTest" time="0.008"/>
  <testcase name="withdraw_shouldDecreaseBalance()" classname="gr.aueb.cf.restbankapp.service.AccountServiceImplTest" time="0.008"/>
  <testcase name="withdraw_shouldThrowException_whenInsufficientBalance()" classname="gr.aueb.cf.restbankapp.service.AccountServiceImplTest" time="0.007"/>
  <system-out><![CDATA[?[34m[INFO ]?[0;39m ?[36m12:48:09.970?[0;39m g.a.c.r.service.AccountServiceImpl - Amount of 300 has been deposit to account with iban=GR123 successfully
?[34m[INFO ]?[0;39m ?[36m12:48:09.986?[0;39m g.a.c.r.service.AccountServiceImpl - Amount of 100 has been deposit to account with iban=GR123 successfully
?[34m[INFO ]?[0;39m ?[36m12:48:09.993?[0;39m g.a.c.r.service.AccountServiceImpl - Amount of 200 has been deposit to account with iban=GR123 successfully
?[34m[INFO ]?[0;39m ?[36m12:48:09.996?[0;39m g.a.c.r.service.AccountServiceImpl - Amount of 50 has been withdrawn from account with iban=GR123 successfully
?[1;31m[ERROR]?[0;39m ?[36m12:48:10.005?[0;39m g.a.c.r.service.AccountServiceImpl - The amount=1000 is greater than the balance of the account with iban=GR123
]]></system-out>
  <system-err><![CDATA[]]></system-err>
</testsuite>
