<?xml version="1.0" encoding="UTF-8"?>
<testsuite name="gr.aueb.cf.restbankapp.RestBankAppApplicationTests" tests="1" skipped="0" failures="0" errors="0" timestamp="2026-03-31T09:41:29.242Z" hostname="LAPTOP-UTD4P65M" time="0.021">
  <properties/>
  <testcase name="contextLoads()" classname="gr.aueb.cf.restbankapp.RestBankAppApplicationTests" time="0.021"/>
  <system-out><![CDATA[?[34m[INFO ]?[0;39m ?[36m12:41:21.984?[0;39m o.s.t.c.s.AnnotationConfigContextLoaderUtils - Could not detect default configuration classes for test class [gr.aueb.cf.restbankapp.RestBankAppApplicationTests]: RestBankAppApplicationTests does not declare any static, non-private, non-final, nested classes annotated with @Configuration.
?[34m[INFO ]?[0;39m ?[36m12:41:22.001?[0;39m o.s.b.t.c.SpringBootTestContextBootstrapper - Found @SpringBootConfiguration gr.aueb.cf.restbankapp.RestBankAppApplication for test class gr.aueb.cf.restbankapp.RestBankAppApplicationTests

  .   ____          _            __ _ _
 /\\ / ___'_ __ _ _(_)_ __  __ _ \ \ \ \
( ( )\___ | '_ | '_| | '_ \/ _` | \ \ \ \
 \\/  ___)| |_)| | | | | || (_| |  ) ) ) )
  '  |____| .__|_| |_|_| |_\__, | / / / /
 =========|_|==============|___/=/_/_/_/

 :: Spring Boot ::               (v3.5.11)

?[34m[INFO ]?[0;39m ?[36m12:41:22.039?[0;39m g.a.c.r.RestBankAppApplicationTests - Starting RestBankAppApplicationTests using Java 21.0.8 with PID 36684 (started by kosta in C:\Users\kosta\IdeaProjects\restBankApp)
?[34m[INFO ]?[0;39m ?[36m12:41:22.039?[0;39m g.a.c.r.RestBankAppApplicationTests - The following 1 profile is active: "dev"
?[34m[INFO ]?[0;39m ?[36m12:41:22.593?[0;39m o.s.d.r.c.RepositoryConfigurationDelegate - Bootstrapping Spring Data JPA repositories in DEFAULT mode.
?[34m[INFO ]?[0;39m ?[36m12:41:22.672?[0;39m o.s.d.r.c.RepositoryConfigurationDelegate - Finished Spring Data repository scanning in 67 ms. Found 8 JPA repository interfaces.
?[34m[INFO ]?[0;39m ?[36m12:41:24.158?[0;39m org.flywaydb.core.FlywayExecutor - Database: jdbc:mysql://localhost:3306/bankapp?useSSL=true&serverTimezone=UTC (MySQL 8.0)
?[34m[INFO ]?[0;39m ?[36m12:41:25.001?[0;39m o.f.core.internal.command.DbValidate - Successfully validated 4 migrations (execution time 00:00.088s)
?[34m[INFO ]?[0;39m ?[36m12:41:25.041?[0;39m o.f.core.internal.command.DbMigrate - Current version of schema `bankapp`: 4
?[34m[INFO ]?[0;39m ?[36m12:41:25.051?[0;39m o.f.core.internal.command.DbMigrate - Schema `bankapp` is up to date. No migration necessary.
?[34m[INFO ]?[0;39m ?[36m12:41:25.322?[0;39m org.hibernate.Version - HHH000412: Hibernate ORM core version 6.6.42.Final
?[34m[INFO ]?[0;39m ?[36m12:41:25.380?[0;39m o.h.c.i.RegionFactoryInitiator - HHH000026: Second-level cache disabled
?[34m[INFO ]?[0;39m ?[36m12:41:25.605?[0;39m o.s.o.j.p.SpringPersistenceUnitInfo - No LoadTimeWeaver setup: ignoring JPA class transformer
?[34m[INFO ]?[0;39m ?[36m12:41:25.726?[0;39m o.hibernate.orm.connections.pooling - HHH10001005: Database info:
	Database JDBC URL [Connecting through datasource 'HikariDataSource (HikariPool-1)']
	Database driver: undefined/unknown
	Database version: 8.0.44
	Autocommit mode: undefined/unknown
	Isolation level: undefined/unknown
	Minimum pool size: undefined/unknown
	Maximum pool size: undefined/unknown
?[34m[INFO ]?[0;39m ?[36m12:41:27.416?[0;39m o.h.e.t.j.p.i.JtaPlatformInitiator - HHH000489: No JTA platform available (set 'hibernate.transaction.jta.platform' to enable JTA platform integration)
?[34m[INFO ]?[0;39m ?[36m12:41:27.489?[0;39m o.s.o.j.LocalContainerEntityManagerFactoryBean - Initialized JPA EntityManagerFactory for persistence unit 'default'
?[31m[WARN ]?[0;39m ?[36m12:41:28.030?[0;39m o.s.aop.framework.CglibAopProxy - Unable to proxy interface-implementing method [public final synchronized gr.aueb.cf.restbankapp.dto.AccountReadOnlyDTO gr.aueb.cf.restbankapp.service.AccountServiceImpl.withdraw(gr.aueb.cf.restbankapp.dto.AccountWithdrawDTO) throws gr.aueb.cf.restbankapp.core.exceptions.EntityNotFoundException,gr.aueb.cf.restbankapp.core.exceptions.NegativeAmountException,gr.aueb.cf.restbankapp.core.exceptions.InsufficientBalanceException] because it is marked as final, consider using interface-based JDK proxies instead.
?[31m[WARN ]?[0;39m ?[36m12:41:28.031?[0;39m o.s.aop.framework.CglibAopProxy - Unable to proxy interface-implementing method [public final synchronized gr.aueb.cf.restbankapp.dto.AccountReadOnlyDTO gr.aueb.cf.restbankapp.service.AccountServiceImpl.deposit(gr.aueb.cf.restbankapp.dto.AccountDepositDTO) throws gr.aueb.cf.restbankapp.core.exceptions.EntityNotFoundException,gr.aueb.cf.restbankapp.core.exceptions.NegativeAmountException] because it is marked as final, consider using interface-based JDK proxies instead.
?[31m[WARN ]?[0;39m ?[36m12:41:28.032?[0;39m o.s.aop.framework.CglibAopProxy - Unable to proxy interface-implementing method [public final synchronized java.math.BigDecimal gr.aueb.cf.restbankapp.service.AccountServiceImpl.getBalance(java.lang.String) throws gr.aueb.cf.restbankapp.core.exceptions.EntityNotFoundException] because it is marked as final, consider using interface-based JDK proxies instead.
?[31m[WARN ]?[0;39m ?[36m12:41:28.032?[0;39m o.s.aop.framework.CglibAopProxy - Unable to proxy interface-implementing method [public final synchronized gr.aueb.cf.restbankapp.dto.AccountReadOnlyDTO gr.aueb.cf.restbankapp.service.AccountServiceImpl.closeAccount(java.lang.String) throws gr.aueb.cf.restbankapp.core.exceptions.EntityNotFoundException] because it is marked as final, consider using interface-based JDK proxies instead.
?[34m[INFO ]?[0;39m ?[36m12:41:28.159?[0;39m o.s.s.c.a.a.c.InitializeAuthenticationProviderBeanManagerConfigurer$InitializeAuthenticationProviderManagerConfigurer - Global AuthenticationManager configured with AuthenticationProvider bean with name authenticationProvider
?[31m[WARN ]?[0;39m ?[36m12:41:28.160?[0;39m o.s.s.c.a.a.c.InitializeUserDetailsBeanManagerConfigurer$InitializeUserDetailsManagerConfigurer - Global AuthenticationManager configured with an AuthenticationProvider bean. UserDetailsService beans will not be used by Spring Security for automatically configuring username/password login. Consider removing the AuthenticationProvider bean. Alternatively, consider using the UserDetailsService in a manually instantiated DaoAuthenticationProvider. If the current configuration is intentional, to turn off this warning, increase the logging level of 'org.springframework.security.config.annotation.authentication.configuration.InitializeUserDetailsBeanManagerConfigurer' to ERROR
?[34m[INFO ]?[0;39m ?[36m12:41:28.214?[0;39m o.s.d.j.r.query.QueryEnhancerFactory - Hibernate is in classpath; If applicable, HQL parser will be used.
?[34m[INFO ]?[0;39m ?[36m12:41:29.232?[0;39m g.a.c.r.RestBankAppApplicationTests - Started RestBankAppApplicationTests in 7.222 seconds (process running for 13.271)
]]></system-out>
  <system-err><![CDATA[]]></system-err>
</testsuite>
