<?xml version="1.0" encoding="UTF-8"?>
<testsuite name="gr.aueb.cf.restbankapp.api.AccountRestControllerTest" tests="3" skipped="0" failures="0" errors="0" timestamp="2026-03-31T20:35:07.457Z" hostname="LAPTOP-UTD4P65M" time="0.477">
  <properties/>
  <testcase name="deposit_shouldReturn403_whenNoAuthority()" classname="gr.aueb.cf.restbankapp.api.AccountRestControllerTest" time="0.428"/>
  <testcase name="deposit_shouldReturn201()" classname="gr.aueb.cf.restbankapp.api.AccountRestControllerTest" time="0.028"/>
  <testcase name="deposit_shouldWork_withProperAuthority()" classname="gr.aueb.cf.restbankapp.api.AccountRestControllerTest" time="0.016"/>
  <system-out><![CDATA[23:35:02.149 [Test worker] INFO org.springframework.boot.test.context.SpringBootTestContextBootstrapper -- Found @SpringBootConfiguration gr.aueb.cf.restbankapp.RestBankAppApplication for test class gr.aueb.cf.restbankapp.api.AccountRestControllerTest

  .   ____          _            __ _ _
 /\\ / ___'_ __ _ _(_)_ __  __ _ \ \ \ \
( ( )\___ | '_ | '_| | '_ \/ _` | \ \ \ \
 \\/  ___)| |_)| | | | | || (_| |  ) ) ) )
  '  |____| .__|_| |_|_| |_\__, | / / / /
 =========|_|==============|___/=/_/_/_/

 :: Spring Boot ::               (v3.5.11)

?[34m[INFO ]?[0;39m ?[36m23:35:02.977?[0;39m o.h.validator.internal.util.Version - HV000001: Hibernate Validator 8.0.3.Final
?[34m[INFO ]?[0;39m ?[36m23:35:03.074?[0;39m g.a.c.r.a.AccountRestControllerTest - Starting AccountRestControllerTest using Java 21.0.8 with PID 27464 (started by kosta in C:\Users\kosta\IdeaProjects\restBankApp)
?[34m[INFO ]?[0;39m ?[36m23:35:03.077?[0;39m g.a.c.r.a.AccountRestControllerTest - The following 1 profile is active: "dev"
?[31m[WARN ]?[0;39m ?[36m23:35:07.119?[0;39m o.s.b.a.s.s.UserDetailsServiceAutoConfiguration - 

Using generated security password: d20fd7a4-6c81-4e59-86fd-b87a212ec793

This generated password is for development use only. Your security configuration must be updated before running your application in production.

?[34m[INFO ]?[0;39m ?[36m23:35:07.131?[0;39m o.s.s.c.a.a.c.InitializeUserDetailsBeanManagerConfigurer$InitializeUserDetailsManagerConfigurer - Global AuthenticationManager configured with UserDetailsService bean with name inMemoryUserDetailsManager
?[34m[INFO ]?[0;39m ?[36m23:35:07.392?[0;39m o.s.b.t.m.w.SpringBootMockServletContext - Initializing Spring TestDispatcherServlet ''
?[34m[INFO ]?[0;39m ?[36m23:35:07.393?[0;39m o.s.t.w.s.TestDispatcherServlet - Initializing Servlet ''
?[34m[INFO ]?[0;39m ?[36m23:35:07.395?[0;39m o.s.t.w.s.TestDispatcherServlet - Completed initialization in 1 ms
?[34m[INFO ]?[0;39m ?[36m23:35:07.435?[0;39m g.a.c.r.a.AccountRestControllerTest - Started AccountRestControllerTest in 5.178 seconds (process running for 7.147)
?[31m[WARN ]?[0;39m ?[36m23:35:07.844?[0;39m g.a.cf.restbankapp.core.ErrorHandler - Access denied. Message=Access Denied
]]></system-out>
  <system-err><![CDATA[Mockito is currently self-attaching to enable the inline-mock-maker. This will no longer work in future releases of the JDK. Please add Mockito as an agent to your build as described in Mockito's documentation: https://javadoc.io/doc/org.mockito/mockito-core/latest/org.mockito/org/mockito/Mockito.html#0.3
WARNING: A Java agent has been loaded dynamically (C:\Users\kosta\.gradle\caches\modules-2\files-2.1\net.bytebuddy\byte-buddy-agent\1.17.8\f09415827a71be7ed621c7bd02550678f28bc81c\byte-buddy-agent-1.17.8.jar)
WARNING: If a serviceability tool is in use, please run with -XX:+EnableDynamicAgentLoading to hide this warning
WARNING: If a serviceability tool is not in use, please run with -Djdk.instrument.traceUsage for more information
WARNING: Dynamic loading of agents will be disallowed by default in a future release
]]></system-err>
</testsuite>
