<?xml version="1.0" encoding="UTF-8"?>
<testsuite name="gr.aueb.cf.restbankapp.core.factory.AccountFactoryTest" tests="2" skipped="0" failures="0" errors="0" timestamp="2026-03-31T09:41:29.269Z" hostname="LAPTOP-UTD4P65M" time="0.025">
  <properties/>
  <testcase name="createSavingsAccount_shouldReturnSavingsAccount()" classname="gr.aueb.cf.restbankapp.core.factory.AccountFactoryTest" time="0.021"/>
  <testcase name="createCheckingAccount_shouldReturnCheckingAccount()" classname="gr.aueb.cf.restbankapp.core.factory.AccountFactoryTest" time="0.002"/>
  <system-out><![CDATA[]]></system-out>
  <system-err><![CDATA[]]></system-err>
</testsuite>
